This is e-pTeX, Version 3.14159265-p3.7.1-161114-2.6 (sjis) (TeX Live 2017/W32TeX) (preloaded format=platex 2017.4.9)  16 DEC 2019 17:18
entering extended mode
 restricted \write18 enabled.
 %&-line parsing enabled.
**./acknowledgement.tex platex.exe -no-guess-input-enc -kanji=utf8 -synctex=1 -
interaction=nonstopmode -jobname=acknowledgement acknowledgement.tex uplatex.ex
e -no-guess-input-enc -kanji=utf8 -synctex=1 -interaction=nonstopmode acknowled
gement.tex latex.exe -synctex=1 -interaction=nonstopmode acknowledgement.tex
(./acknowledgement.tex
pLaTeX2e <2016/11/29> (based on LaTeX2e <2017/01/01> patch level 3)
Babel <3.9r> and hyphenation patterns for 83 language(s) loaded.
! Undefined control sequence.
l.1 \chapter
            *{Acknowledgement}
The control sequence at the end of the top line
of your error message was never \def'ed. If you have
misspelled it (e.g., `\hobx'), type `I' and the correct
spelling (e.g., `I\hbox'). Otherwise just continue,
and I'll forget about whatever was undefined.


! LaTeX Error: Missing \begin{document}.

See the LaTeX manual or LaTeX Companion for explanation.
Type  H <return>  for immediate help.
 ...                                              
                                                  
l.1 \chapter*
             {Acknowledgement}
You're in trouble here.  Try typing  <return>  to proceed.
If that doesn't work, type  X <return>  to quit.

)
! Emergency stop.
<*> ...interaction=nonstopmode acknowledgement.tex
                                                  
*** (job aborted, no legal \end found)

 
Here is how much of TeX's memory you used:
 5 strings out of 493671
 91 string characters out of 6151255
 54296 words of memory out of 5000000
 3678 multiletter control sequences out of 15000+600000
 7511 words of font info for 31 fonts, out of 8000000 for 9000
 929 hyphenation exceptions out of 8191
 5i,0n,4p,700b,14s stack positions out of 5000i,500n,10000p,500000b,80000s
No pages of output.
