This is e-pTeX, Version 3.14159265-p3.7.1-161114-2.6 (sjis) (TeX Live 2017/W32TeX) (preloaded format=platex 2017.4.9)  23 JAN 2020 16:44
entering extended mode
 restricted \write18 enabled.
 %&-line parsing enabled.
**./main_abstruct.tex platex.exe -no-guess-input-enc -kanji=utf8 -synctex=1 -in
teraction=nonstopmode -jobname=main_abstruct main_abstruct.tex uplatex.exe -no-
guess-input-enc -kanji=utf8 -synctex=1 -interaction=nonstopmode main_abstruct.t
ex latex.exe -synctex=1 -interaction=nonstopmode main_abstruct.tex
(./main_abstruct.tex
pLaTeX2e <2016/11/29> (based on LaTeX2e <2017/01/01> patch level 3)
Babel <3.9r> and hyphenation patterns for 83 language(s) loaded.
(c:/w32tex/share/texmf-dist/tex/latex/base/article.cls
Document Class: article 2014/09/29 v1.4h Standard LaTeX document class
(c:/w32tex/share/texmf-dist/tex/latex/base/size10.clo
File: size10.clo 2014/09/29 v1.4h Standard LaTeX file (size option)
)
\c@part=\count82
\c@section=\count83
\c@subsection=\count84
\c@subsubsection=\count85
\c@paragraph=\count86
\c@subparagraph=\count87
\c@figure=\count88
\c@table=\count89
\abovecaptionskip=\skip41
\belowcaptionskip=\skip42
\bibindent=\dimen118
)
(c:/w32tex/share/texmf-dist/tex/latex/graphics/graphicx.sty
Package: graphicx 2014/10/28 v1.0g Enhanced LaTeX Graphics (DPC,SPQR)

(c:/w32tex/share/texmf-dist/tex/latex/graphics/keyval.sty
Package: keyval 2014/10/28 v1.15 key=value parser (DPC)
\KV@toks@=\toks15
)
(c:/w32tex/share/texmf-dist/tex/latex/graphics/graphics.sty
Package: graphics 2016/10/09 v1.0u Standard LaTeX Graphics (DPC,SPQR)

(c:/w32tex/share/texmf-dist/tex/latex/graphics/trig.sty
Package: trig 2016/01/03 v1.10 sin cos tan (DPC)
)
(c:/w32tex/share/texmf-dist/tex/latex/graphics-cfg/graphics.cfg
File: graphics.cfg 2016/06/04 v1.11 sample graphics configuration
)
Package graphics Info: Driver file: dvipdfmx.def on input line 99.

(c:/w32tex/share/texmf-dist/tex/latex/graphics-def/dvipdfmx.def
File: dvipdfmx.def 2016/07/11 v4.12 LaTeX color/graphics driver for dvipdfmx (L
3/ChoF)
))
\Gin@req@height=\dimen119
\Gin@req@width=\dimen120
)
(c:/w32tex/share/texmf-dist/tex/latex/here/here.sty)
(c:/w32tex/share/texmf-dist/tex/latex/float/float.sty
Package: float 2001/11/08 v1.3d Float enhancements (AL)
\c@float@type=\count90
\float@exts=\toks16
\float@box=\box41
\@float@everytoks=\toks17
\@floatcapt=\box42
)
(c:/w32tex/share/texmf-dist/tex/latex/amsmath/amsmath.sty
Package: amsmath 2016/11/05 v2.16a AMS math features
\@mathmargin=\skip43

For additional information on amsmath, use the `?' option.
(c:/w32tex/share/texmf-dist/tex/latex/amsmath/amstext.sty
Package: amstext 2000/06/29 v2.01 AMS text

(c:/w32tex/share/texmf-dist/tex/latex/amsmath/amsgen.sty
File: amsgen.sty 1999/11/30 v2.0 generic functions
\@emptytoks=\toks18
\ex@=\dimen121
))
(c:/w32tex/share/texmf-dist/tex/latex/amsmath/amsbsy.sty
Package: amsbsy 1999/11/29 v1.2d Bold Symbols
\pmbraise@=\dimen122
)
(c:/w32tex/share/texmf-dist/tex/latex/amsmath/amsopn.sty
Package: amsopn 2016/03/08 v2.02 operator names
)
\inf@bad=\count91
LaTeX Info: Redefining \frac on input line 213.
\uproot@=\count92
\leftroot@=\count93
LaTeX Info: Redefining \overline on input line 375.
\classnum@=\count94
\DOTSCASE@=\count95
LaTeX Info: Redefining \ldots on input line 472.
LaTeX Info: Redefining \dots on input line 475.
LaTeX Info: Redefining \cdots on input line 596.
\Mathstrutbox@=\box43
\strutbox@=\box44
\big@size=\dimen123
LaTeX Font Info:    Redeclaring font encoding OML on input line 712.
LaTeX Font Info:    Redeclaring font encoding OMS on input line 713.
\macc@depth=\count96
\c@MaxMatrixCols=\count97
\dotsspace@=\muskip10
\c@parentequation=\count98
\dspbrk@lvl=\count99
\tag@help=\toks19
\row@=\count100
\column@=\count101
\maxfields@=\count102
\andhelp@=\toks20
\eqnshift@=\dimen124
\alignsep@=\dimen125
\tagshift@=\dimen126
\tagwidth@=\dimen127
\totwidth@=\dimen128
\lineht@=\dimen129
\@envbody=\toks21
\multlinegap=\skip44
\multlinetaggap=\skip45
\mathdisplay@stack=\toks22
LaTeX Info: Redefining \[ on input line 2817.
LaTeX Info: Redefining \] on input line 2818.
)
(c:/w32tex/share/texmf-dist/tex/latex/amsfonts/amssymb.sty
Package: amssymb 2013/01/14 v3.01 AMS font symbols

(c:/w32tex/share/texmf-dist/tex/latex/amsfonts/amsfonts.sty
Package: amsfonts 2013/01/14 v3.01 Basic AMSFonts support
\symAMSa=\mathgroup4
\symAMSb=\mathgroup5
LaTeX Font Info:    Overwriting math alphabet `\mathfrak' in version `bold'
(Font)                  U/euf/m/n --> U/euf/b/n on input line 106.
))
(c:/w32tex/share/texmf-dist/tex/latex/tools/bm.sty
Package: bm 2017/01/16 v1.2c Bold Symbol Support (DPC/FMi)
\symboldoperators=\mathgroup6
\symboldletters=\mathgroup7
\symboldsymbols=\mathgroup8
LaTeX Font Info:    Redeclaring math alphabet \mathbf on input line 141.
LaTeX Info: Redefining \bm on input line 207.
)
(c:/w32tex/share/texmf-dist/tex/latex/caption/subcaption.sty
Package: subcaption 2016/05/22 v1.1-161 Sub-captions (AR)

(c:/w32tex/share/texmf-dist/tex/latex/caption/caption.sty
Package: caption 2016/02/21 v3.3-144 Customizing captions (AR)

(c:/w32tex/share/texmf-dist/tex/latex/caption/caption3.sty
Package: caption3 2016/05/22 v1.7-166 caption3 kernel (AR)
Package caption3 Info: TeX engine: e-TeX on input line 67.
\captionmargin=\dimen130
\captionmargin@=\dimen131
\captionwidth=\dimen132
\caption@tempdima=\dimen133
\caption@indent=\dimen134
\caption@parindent=\dimen135
\caption@hangindent=\dimen136
)
\c@ContinuedFloat=\count103
Package caption Info: float package is loaded.
)
\c@subfigure=\count104
\c@subtable=\count105
)
No file main_abstruct.aux.
\openout1 = `main_abstruct.aux'.

LaTeX Font Info:    Checking defaults for OML/cmm/m/it on input line 37.
LaTeX Font Info:    ... okay on input line 37.
LaTeX Font Info:    Checking defaults for T1/cmr/m/n on input line 37.
LaTeX Font Info:    ... okay on input line 37.
LaTeX Font Info:    Checking defaults for OT1/cmr/m/n on input line 37.
LaTeX Font Info:    ... okay on input line 37.
LaTeX Font Info:    Checking defaults for OMS/cmsy/m/n on input line 37.
LaTeX Font Info:    ... okay on input line 37.
LaTeX Font Info:    Checking defaults for OMX/cmex/m/n on input line 37.
LaTeX Font Info:    ... okay on input line 37.
LaTeX Font Info:    Checking defaults for U/cmr/m/n on input line 37.
LaTeX Font Info:    ... okay on input line 37.
LaTeX Font Info:    Checking defaults for JY1/mc/m/n on input line 37.
LaTeX Font Info:    ... okay on input line 37.
LaTeX Font Info:    Checking defaults for JT1/mc/m/n on input line 37.
LaTeX Font Info:    ... okay on input line 37.
Package caption Info: Begin \AtBeginDocument code.
Package caption Info: End \AtBeginDocument code.
LaTeX Font Info:    Font shape `JT1/mc/bx/n' in size <13.2> not available
(Font)              Font shape `JT1/gt/m/n' tried instead on input line 51.
LaTeX Font Info:    Font shape `JY1/mc/bx/n' in size <13.2> not available
(Font)              Font shape `JY1/gt/m/n' tried instead on input line 51.

LaTeX Font Warning: Font shape `OT1/cmr/bx/n' in size <13.2> not available
(Font)              size <12> substituted on input line 51.

LaTeX Font Info:    Calculating math sizes for size <13.2> on input line 51.

LaTeX Font Warning: Font shape `OT1/cmr/m/n' in size <13.2> not available
(Font)              size <12> substituted on input line 51.


LaTeX Font Warning: Font shape `OT1/cmr/m/n' in size <6.59999> not available
(Font)              size <7> substituted on input line 51.


LaTeX Font Warning: Font shape `OML/cmm/m/it' in size <13.2> not available
(Font)              size <12> substituted on input line 51.


LaTeX Font Warning: Font shape `OML/cmm/m/it' in size <6.59999> not available
(Font)              size <7> substituted on input line 51.


LaTeX Font Warning: Font shape `OMS/cmsy/m/n' in size <13.2> not available
(Font)              size <12> substituted on input line 51.


LaTeX Font Warning: Font shape `OMS/cmsy/m/n' in size <6.59999> not available
(Font)              size <7> substituted on input line 51.

LaTeX Font Info:    Try loading font information for U+msa on input line 51.
(c:/w32tex/share/texmf-dist/tex/latex/amsfonts/umsa.fd
File: umsa.fd 2013/01/14 v3.01 AMS symbols A
)
LaTeX Font Info:    Try loading font information for U+msb on input line 51.

(c:/w32tex/share/texmf-dist/tex/latex/amsfonts/umsb.fd
File: umsb.fd 2013/01/14 v3.01 AMS symbols B
)

LaTeX Font Warning: Font shape `OT1/cmr/bx/n' in size <6.59999> not available
(Font)              size <7> substituted on input line 51.


LaTeX Font Warning: Font shape `OML/cmm/b/it' in size <13.2> not available
(Font)              size <12> substituted on input line 51.


LaTeX Font Warning: Font shape `OML/cmm/b/it' in size <6.59999> not available
(Font)              size <7> substituted on input line 51.


LaTeX Font Warning: Font shape `OMS/cmsy/b/n' in size <13.2> not available
(Font)              size <12> substituted on input line 51.


LaTeX Font Warning: Font shape `OMS/cmsy/b/n' in size <6.59999> not available
(Font)              size <7> substituted on input line 51.

LaTeX Font Info:    Font shape `JT1/mc/bx/n' in size <12> not available
(Font)              Font shape `JT1/gt/m/n' tried instead on input line 55.
LaTeX Font Info:    Font shape `JY1/mc/bx/n' in size <12> not available
(Font)              Font shape `JY1/gt/m/n' tried instead on input line 55.
LaTeX Font Info:    Font shape `JT1/mc/bx/n' in size <10> not available
(Font)              Font shape `JT1/gt/m/n' tried instead on input line 62.
LaTeX Font Info:    Font shape `JY1/mc/bx/n' in size <10> not available
(Font)              Font shape `JY1/gt/m/n' tried instead on input line 62.

LaTeX Warning: Citation `retinex' on page 1 undefined on input line 62.


LaTeX Warning: Citation `jiep' on page 1 undefined on input line 68.


Package amsmath Warning: Cannot use `split' here;
(amsmath)                trying to recover with `aligned' on input line 74.


Package amsmath Warning: Cannot use `split' here;
(amsmath)                trying to recover with `aligned' on input line 86.


Overfull \hbox (1.22755pt too wide) in alignment at lines 82--87
 [][][] []
 []


LaTeX Warning: Reference `eq:proposed/equation' on page 1 undefined on input li
ne 89.


LaTeX Warning: Reference `fig:quantitative' on page 1 undefined on input line 1
19.


LaTeX Warning: File `images/quantitative/loe.eps' not found on input line 125.


! LaTeX Error: File `images/quantitative/loe.eps' not found.

See the LaTeX manual or LaTeX Companion for explanation.
Type  H <return>  for immediate help.
 ...                                              
                                                  
l.125 ...idth=\hsize]{images/quantitative/loe.eps}
                                                  
Try typing  <return>  to proceed.
If that doesn't work, type  X <return>  to quit.


! LaTeX Error: Cannot determine size of graphic in images/quantitative/loe.eps 
(no BoundingBox).

See the LaTeX manual or LaTeX Companion for explanation.
Type  H <return>  for immediate help.
 ...                                              
                                                  
l.125 ...idth=\hsize]{images/quantitative/loe.eps}
                                                  
Try typing  <return>  to proceed.
If that doesn't work, type  X <return>  to quit.

File: images/quantitative/loe.eps Graphic file (type eps)
<images/quantitative/loe.eps>

LaTeX Warning: File `images/quantitative/arism.eps' not found on input line 131
.


! LaTeX Error: File `images/quantitative/arism.eps' not found.

See the LaTeX manual or LaTeX Companion for explanation.
Type  H <return>  for immediate help.
 ...                                              
                                                  
l.131 ...th=\hsize]{images/quantitative/arism.eps}
                                                  
Try typing  <return>  to proceed.
If that doesn't work, type  X <return>  to quit.


! LaTeX Error: Cannot determine size of graphic in images/quantitative/arism.ep
s (no BoundingBox).

See the LaTeX manual or LaTeX Companion for explanation.
Type  H <return>  for immediate help.
 ...                                              
                                                  
l.131 ...th=\hsize]{images/quantitative/arism.eps}
                                                  
Try typing  <return>  to proceed.
If that doesn't work, type  X <return>  to quit.

File: images/quantitative/arism.eps Graphic file (type eps)
<images/quantitative/arism.eps>
Overfull \hbox (15.33333pt too wide) in paragraph at lines 122--136
[][][][] 
 []

[1


] (./main_abstruct.aux)

LaTeX Font Warning: Size substitutions with differences
(Font)              up to 1.2pt have occurred.


LaTeX Warning: There were undefined references.


LaTeX Warning: Label(s) may have changed. Rerun to get cross-references right.

 ) 
Here is how much of TeX's memory you used:
 2847 strings out of 493671
 40527 string characters out of 6151255
 127036 words of memory out of 5000000
 6392 multiletter control sequences out of 15000+600000
 24051 words of font info for 94 fonts, out of 8000000 for 9000
 929 hyphenation exceptions out of 8191
 42i,16n,40p,705b,646s stack positions out of 5000i,500n,10000p,500000b,80000s

Output written on main_abstruct.dvi (1 page, 9908 bytes).
